-------------------------------------------------------------------------------
Test set: sampl.SampleTest
-------------------------------------------------------------------------------
Tests run: 3, Failures: 1, Errors: 0, Skipped: 0, Time elapsed: 0.565 sec <<< FAILURE! - in sampl.SampleTest
thirdMethod(sampl.SampleTest)  Time elapsed: 0.009 sec  <<< FAILURE!
java.lang.AssertionError: expected [2] but found [1]
	at sampl.SampleTest.thirdMethod(SampleTest.java:26)

